Archivo a procesar: /home/pi/python/AiLinuxBot/AiLinuxBot/linuxCorpus/head.txt
Archivo a procesar: /home/pi/python/AiLinuxBot/AiLinuxBot/linuxCorpus/join.txt
Archivo a procesar: /home/pi/python/AiLinuxBot/AiLinuxBot/linuxCorpus/od.txt
Archivo a procesar: /home/pi/python/AiLinuxBot/AiLinuxBot/linuxCorpus/touch.txt
Archivo a procesar: /home/pi/python/AiLinuxBot/AiLinuxBot/linuxCorpus/env.txt
Archivo a procesar: /home/pi/python/AiLinuxBot/AiLinuxBot/linuxCorpus/shutdown.txt
Archivo a procesar: /home/pi/python/AiLinuxBot/AiLinuxBot/linuxCorpus/paste.txt
Archivo a procesar: /home/pi/python/AiLinuxBot/AiLinuxBot/linuxCorpus/nano.txt
Archivo a procesar: /home/pi/python/AiLinuxBot/AiLinuxBot/linuxCorpus/vmstat.txt
Archivo a procesar: /home/pi/python/AiLinuxBot/AiLinuxBot/linuxCorpus/chage.txt
Archivo a procesar: /home/pi/python/AiLinuxBot/AiLinuxBot/linuxCorpus/unzip.txt
Archivo a procesar: /home/pi/python/AiLinuxBot/AiLinuxBot/linuxCorpus/col.txt
Archivo a procesar: /home/pi/python/AiLinuxBot/AiLinuxBot/linuxCorpus/w.txt
Archivo a procesar: /home/pi/python/AiLinuxBot/AiLinuxBot/linuxCorpus/lsblk.txt
Archivo a procesar: /home/pi/python/AiLinuxBot/AiLinuxBot/linuxCorpus/uniq.txt
Archivo a procesar: /home/pi/python/AiLinuxBot/AiLinuxBot/linuxCorpus/useradd.txt
Archivo a procesar: /home/pi/python/AiLinuxBot/AiLinuxBot/linuxCorpus/cal.txt
Archivo a procesar: /home/pi/python/AiLinuxBot/AiLinuxBot/linuxCorpus/last.txt
Archivo a procesar: /home/pi/python/AiLinuxBot/AiLinuxBot/linuxCorpus/fdisk.txt
Archivo a procesar: /home/pi/python/AiLinuxBot/AiLinuxBot/linuxCorpus/wget.txt
Archivo a procesar: /home/pi/python/AiLinuxBot/AiLinuxBot/linuxCorpus/less.txt
Archivo a procesar: /home/pi/python/AiLinuxBot/AiLinuxBot/linuxCorpus/umount.txt
Archivo a procesar: /home/pi/python/AiLinuxBot/AiLinuxBot/linuxCorpus/iwlist.txt
Archivo a procesar: /home/pi/python/AiLinuxBot/AiLinuxBot/linuxCorpus/crontab.txt
Archivo a procesar: /home/pi/python/AiLinuxBot/AiLinuxBot/linuxCorpus/chgrp.txt
Archivo a procesar: /home/pi/python/AiLinuxBot/AiLinuxBot/linuxCorpus/cut.txt
Archivo a procesar: /home/pi/python/AiLinuxBot/AiLinuxBot/linuxCorpus/sftp.txt
Archivo a procesar: /home/pi/python/AiLinuxBot/AiLinuxBot/linuxCorpus/du.txt
Archivo a procesar: /home/pi/python/AiLinuxBot/AiLinuxBot/linuxCorpus/sed.txt
Archivo a procesar: /home/pi/python/AiLinuxBot/AiLinuxBot/linuxCorpus/bc.txt
Archivo a procesar: /home/pi/python/AiLinuxBot/AiLinuxBot/linuxCorpus/uptime.txt
Archivo a procesar: /home/pi/python/AiLinuxBot/AiLinuxBot/linuxCorpus/dmesg.txt
Archivo a procesar: /home/pi/python/AiLinuxBot/AiLinuxBot/linuxCorpus/netstat.txt
Archivo a procesar: /home/pi/python/AiLinuxBot/AiLinuxBot/linuxCorpus/set.txt
Archivo a procesar: /home/pi/python/AiLinuxBot/AiLinuxBot/linuxCorpus/stat.txt
Archivo a procesar: /home/pi/python/AiLinuxBot/AiLinuxBot/linuxCorpus/wc.txt
Archivo a procesar: /home/pi/python/AiLinuxBot/AiLinuxBot/linuxCorpus/xargs.txt
Archivo a procesar: /home/pi/python/AiLinuxBot/AiLinuxBot/linuxCorpus/expr.txt
Archivo a procesar: /home/pi/python/AiLinuxBot/AiLinuxBot/linuxCorpus/sleep.txt
Archivo a procesar: /home/pi/python/AiLinuxBot/AiLinuxBot/linuxCorpus/uname.txt
Archivo a procesar: /home/pi/python/AiLinuxBot/AiLinuxBot/linuxCorpus/reboot.txt
Archivo a procesar: /home/pi/python/AiLinuxBot/AiLinuxBot/linuxCorpus/cd.txt
Archivo a procesar: /home/pi/python/AiLinuxBot/AiLinuxBot/linuxCorpus/echo.txt
Archivo a procesar: /home/pi/python/AiLinuxBot/AiLinuxBot/linuxCorpus/lspci.txt
Archivo a procesar: /home/pi/python/AiLinuxBot/AiLinuxBot/linuxCorpus/iwconfig.txt
Archivo a procesar: /home/pi/python/AiLinuxBot/AiLinuxBot/linuxCorpus/su.txt
Archivo a procesar: /home/pi/python/AiLinuxBot/AiLinuxBot/linuxCorpus/find.txt
Archivo a procesar: /home/pi/python/AiLinuxBot/AiLinuxBot/linuxCorpus/chcon.txt
Archivo a procesar: /home/pi/python/AiLinuxBot/AiLinuxBot/linuxCorpus/lsusb.txt
Archivo a procesar: /home/pi/python/AiLinuxBot/AiLinuxBot/linuxCorpus/ipcrm.txt
Archivo a procesar: /home/pi/python/AiLinuxBot/AiLinuxBot/linuxCorpus/rmdir.txt
Archivo a procesar: /home/pi/python/AiLinuxBot/AiLinuxBot/linuxCorpus/ipcs.txt
Archivo a procesar: /home/pi/python/AiLinuxBot/AiLinuxBot/linuxCorpus/at.txt
Archivo a procesar: /home/pi/python/AiLinuxBot/AiLinuxBot/linuxCorpus/tty.txt
Archivo a procesar: /home/pi/python/AiLinuxBot/AiLinuxBot/linuxCorpus/mkfs.txt
Archivo a procesar: /home/pi/python/AiLinuxBot/AiLinuxBot/linuxCorpus/userdel.txt
Archivo a procesar: /home/pi/python/AiLinuxBot/AiLinuxBot/linuxCorpus/chroot.txt
Archivo a procesar: /home/pi/python/AiLinuxBot/AiLinuxBot/linuxCorpus/tar.txt
Archivo a procesar: /home/pi/python/AiLinuxBot/AiLinuxBot/linuxCorpus/grep.txt
Archivo a procesar: /home/pi/python/AiLinuxBot/AiLinuxBot/linuxCorpus/ping.txt
Archivo a procesar: /home/pi/python/AiLinuxBot/AiLinuxBot/linuxCorpus/cat.txt
Archivo a procesar: /home/pi/python/AiLinuxBot/AiLinuxBot/linuxCorpus/df.txt
Archivo a procesar: /home/pi/python/AiLinuxBot/AiLinuxBot/linuxCorpus/file.txt
Archivo a procesar: /home/pi/python/AiLinuxBot/AiLinuxBot/linuxCorpus/write.txt
Archivo a procesar: /home/pi/python/AiLinuxBot/AiLinuxBot/linuxCorpus/lsof.txt
Archivo a procesar: /home/pi/python/AiLinuxBot/AiLinuxBot/linuxCorpus/fuser.txt
Archivo a procesar: /home/pi/python/AiLinuxBot/AiLinuxBot/linuxCorpus/smbd.txt
Archivo a procesar: /home/pi/python/AiLinuxBot/AiLinuxBot/linuxCorpus/python.txt
Archivo a procesar: /home/pi/python/AiLinuxBot/AiLinuxBot/linuxCorpus/journalctl.txt
Archivo a procesar: /home/pi/python/AiLinuxBot/AiLinuxBot/linuxCorpus/renice.txt
Archivo a procesar: /home/pi/python/AiLinuxBot/AiLinuxBot/linuxCorpus/curl.txt
Archivo a procesar: /home/pi/python/AiLinuxBot/AiLinuxBot/linuxCorpus/pip.txt
Archivo a procesar: /home/pi/python/AiLinuxBot/AiLinuxBot/linuxCorpus/stty.txt
Archivo a procesar: /home/pi/python/AiLinuxBot/AiLinuxBot/linuxCorpus/pwd.txt
Archivo a procesar: /home/pi/python/AiLinuxBot/AiLinuxBot/linuxCorpus/whatis.txt
Archivo a procesar: /home/pi/python/AiLinuxBot/AiLinuxBot/linuxCorpus/id.txt
Archivo a procesar: /home/pi/python/AiLinuxBot/AiLinuxBot/linuxCorpus/ssh.txt
Archivo a procesar: /home/pi/python/AiLinuxBot/AiLinuxBot/linuxCorpus/more.txt
Archivo a procesar: /home/pi/python/AiLinuxBot/AiLinuxBot/linuxCorpus/sudo.txt
Archivo a procesar: /home/pi/python/AiLinuxBot/AiLinuxBot/linuxCorpus/nice.txt
Archivo a procesar: /home/pi/python/AiLinuxBot/AiLinuxBot/linuxCorpus/md5sum.txt
Archivo a procesar: /home/pi/python/AiLinuxBot/AiLinuxBot/linuxCorpus/login.txt
Archivo a procesar: /home/pi/python/AiLinuxBot/AiLinuxBot/linuxCorpus/sync.txt
Archivo a procesar: /home/pi/python/AiLinuxBot/AiLinuxBot/linuxCorpus/groupadd.txt
Archivo a procesar: /home/pi/python/AiLinuxBot/AiLinuxBot/linuxCorpus/fsck.txt
Archivo a procesar: /home/pi/python/AiLinuxBot/AiLinuxBot/linuxCorpus/ln.txt
Archivo a procesar: /home/pi/python/AiLinuxBot/AiLinuxBot/linuxCorpus/sum.txt
Archivo a procesar: /home/pi/python/AiLinuxBot/AiLinuxBot/linuxCorpus/arch.txt
Archivo a procesar: /home/pi/python/AiLinuxBot/AiLinuxBot/linuxCorpus/smbpasswd.txt
Archivo a procesar: /home/pi/python/AiLinuxBot/AiLinuxBot/linuxCorpus/free.txt
Archivo a procesar: /home/pi/python/AiLinuxBot/AiLinuxBot/linuxCorpus/delgroup.txt
Archivo a procesar: /home/pi/python/AiLinuxBot/AiLinuxBot/linuxCorpus/awk.txt
Archivo a procesar: /home/pi/python/AiLinuxBot/AiLinuxBot/linuxCorpus/gzip.txt
Archivo a procesar: /home/pi/python/AiLinuxBot/AiLinuxBot/linuxCorpus/hexdump.txt
Archivo a procesar: /home/pi/python/AiLinuxBot/AiLinuxBot/linuxCorpus/who.txt
Archivo a procesar: /home/pi/python/AiLinuxBot/AiLinuxBot/linuxCorpus/rm.txt
Archivo a procesar: /home/pi/python/AiLinuxBot/AiLinuxBot/linuxCorpus/mv.txt
Archivo a procesar: /home/pi/python/AiLinuxBot/AiLinuxBot/linuxCorpus/watch.txt
Archivo a procesar: /home/pi/python/AiLinuxBot/AiLinuxBot/linuxCorpus/yes.txt
Archivo a procesar: /home/pi/python/AiLinuxBot/AiLinuxBot/linuxCorpus/top.txt
Archivo a procesar: /home/pi/python/AiLinuxBot/AiLinuxBot/linuxCorpus/calendar.txt
Archivo a procesar: /home/pi/python/AiLinuxBot/AiLinuxBot/linuxCorpus/blkid.txt
Archivo a procesar: /home/pi/python/AiLinuxBot/AiLinuxBot/linuxCorpus/diff.txt
Archivo a procesar: /home/pi/python/AiLinuxBot/AiLinuxBot/linuxCorpus/wall.txt